c:\users\of913\source\repos\10_3_3_2\oop\2lab_sort\2lab_sort\debug\vc142.pdb
c:\users\of913\source\repos\10_3_3_2\oop\2lab_sort\2lab_sort\debug\vc142.idb
c:\users\of913\source\repos\10_3_3_2\oop\2lab_sort\2lab_sort\debug\out_container.obj
c:\users\of913\source\repos\10_3_3_2\oop\2lab_sort\2lab_sort\debug\in_container.obj
c:\users\of913\source\repos\10_3_3_2\oop\2lab_sort\2lab_sort\debug\in_animal.obj
c:\users\of913\source\repos\10_3_3_2\oop\2lab_sort\2lab_sort\debug\init_container.obj
c:\users\of913\source\repos\10_3_3_2\oop\2lab_sort\2lab_sort\debug\fish_out_data.obj
c:\users\of913\source\repos\10_3_3_2\oop\2lab_sort\2lab_sort\debug\fish_in_data.obj
c:\users\of913\source\repos\10_3_3_2\oop\2lab_sort\2lab_sort\debug\clear_container.obj
c:\users\of913\source\repos\10_3_3_2\oop\2lab_sort\2lab_sort\debug\bird_out_data.obj
c:\users\of913\source\repos\10_3_3_2\oop\2lab_sort\2lab_sort\debug\bird_in_data.obj
c:\users\of913\source\repos\10_3_3_2\oop\2lab_sort\2lab_sort\debug\amount_fish.obj
c:\users\of913\source\repos\10_3_3_2\oop\2lab_sort\2lab_sort\debug\amount_bird.obj
c:\users\of913\source\repos\10_3_3_2\oop\2lab_sort\2lab_sort\debug\2lab_sort.obj
c:\users\of913\source\repos\10_3_3_2\oop\2lab_sort\2lab_sort\debug\sort.obj
c:\users\of913\source\repos\10_3_3_2\oop\2lab_sort\2lab_sort\debug\compare.obj
c:\users\of913\source\repos\10_3_3_2\oop\2lab_sort\debug\2lab_sort.ilk
c:\users\of913\source\repos\10_3_3_2\oop\2lab_sort\debug\2lab_sort.exe
c:\users\of913\source\repos\10_3_3_2\oop\2lab_sort\debug\2lab_sort.pdb
d:\учеба\тимп\2\2lab_oop\2lab_sort_4\2lab_sort\debug\2lab_sort.obj
d:\учеба\тимп\2\2lab_oop\2lab_sort_4\2lab_sort\debug\amount_bird.obj
d:\учеба\тимп\2\2lab_oop\2lab_sort_4\2lab_sort\debug\amount_fish.obj
d:\учеба\тимп\2\2lab_oop\2lab_sort_4\2lab_sort\debug\bird_in_data.obj
d:\учеба\тимп\2\2lab_oop\2lab_sort_4\2lab_sort\debug\bird_out_data.obj
d:\учеба\тимп\2\2lab_oop\2lab_sort_4\2lab_sort\debug\clear_container.obj
d:\учеба\тимп\2\2lab_oop\2lab_sort_4\2lab_sort\debug\compare.obj
d:\учеба\тимп\2\2lab_oop\2lab_sort_4\2lab_sort\debug\fish_in_data.obj
d:\учеба\тимп\2\2lab_oop\2lab_sort_4\2lab_sort\debug\fish_out_data.obj
d:\учеба\тимп\2\2lab_oop\2lab_sort_4\2lab_sort\debug\init_container.obj
d:\учеба\тимп\2\2lab_oop\2lab_sort_4\2lab_sort\debug\in_animal.obj
d:\учеба\тимп\2\2lab_oop\2lab_sort_4\2lab_sort\debug\in_container.obj
d:\учеба\тимп\2\2lab_oop\2lab_sort_4\2lab_sort\debug\out_container.obj
d:\учеба\тимп\2\2lab_oop\2lab_sort_4\2lab_sort\debug\sort.obj
d:\учеба\тимп\2\2lab_oop\2lab_sort_4\2lab_sort\debug\vc142.idb
d:\учеба\тимп\2\2lab_oop\2lab_sort_4\2lab_sort\debug\vc142.pdb
d:\учеба\тимп\2\2lab_oop\2lab_sort_4\debug\2lab_sort.pdb
d:\учеба\тимп\2\2lab_oop\2lab_sort_4\debug\2lab_sort.exe
d:\учеба\тимп\2\2lab_oop\2lab_sort_4\debug\2lab_sort.ilk
d:\учеба\тимп\2\2lab_oop\2lab_sort_4\2lab_sort\debug\2lab_sort.tlog\cl.command.1.tlog
d:\учеба\тимп\2\2lab_oop\2lab_sort_4\2lab_sort\debug\2lab_sort.tlog\cl.read.1.tlog
d:\учеба\тимп\2\2lab_oop\2lab_sort_4\2lab_sort\debug\2lab_sort.tlog\cl.write.1.tlog
d:\учеба\тимп\2\2lab_oop\2lab_sort_4\2lab_sort\debug\2lab_sort.tlog\link.command.1.tlog
d:\учеба\тимп\2\2lab_oop\2lab_sort_4\2lab_sort\debug\2lab_sort.tlog\link.read.1.tlog
d:\учеба\тимп\2\2lab_oop\2lab_sort_4\2lab_sort\debug\2lab_sort.tlog\link.write.1.tlog
