c:\users\of913\source\repos\10_3_3_2\oop\2lab_new_class\2lab_new_class\debug\vc142.pdb
c:\users\of913\source\repos\10_3_3_2\oop\2lab_new_class\2lab_new_class\debug\vc142.idb
c:\users\of913\source\repos\10_3_3_2\oop\2lab_new_class\2lab_new_class\debug\out_container.obj
c:\users\of913\source\repos\10_3_3_2\oop\2lab_new_class\2lab_new_class\debug\in_container.obj
c:\users\of913\source\repos\10_3_3_2\oop\2lab_new_class\2lab_new_class\debug\in_animal.obj
c:\users\of913\source\repos\10_3_3_2\oop\2lab_new_class\2lab_new_class\debug\init_container.obj
c:\users\of913\source\repos\10_3_3_2\oop\2lab_new_class\2lab_new_class\debug\fish_out_data.obj
c:\users\of913\source\repos\10_3_3_2\oop\2lab_new_class\2lab_new_class\debug\fish_in_data.obj
c:\users\of913\source\repos\10_3_3_2\oop\2lab_new_class\2lab_new_class\debug\clear_container.obj
c:\users\of913\source\repos\10_3_3_2\oop\2lab_new_class\2lab_new_class\debug\bird_out_data.obj
c:\users\of913\source\repos\10_3_3_2\oop\2lab_new_class\2lab_new_class\debug\bird_in_data.obj
c:\users\of913\source\repos\10_3_3_2\oop\2lab_new_class\2lab_new_class\debug\beast_out_data.obj
c:\users\of913\source\repos\10_3_3_2\oop\2lab_new_class\2lab_new_class\debug\beast_in_data.obj
c:\users\of913\source\repos\10_3_3_2\oop\2lab_new_class\2lab_new_class\debug\2lab_new_class.obj
c:\users\of913\source\repos\10_3_3_2\oop\2lab_new_class\debug\2lab_new_class.exe
c:\users\of913\source\repos\10_3_3_2\oop\2lab_new_class\debug\2lab_new_class.ilk
c:\users\of913\source\repos\10_3_3_2\oop\2lab_new_class\debug\2lab_new_class.pdb
d:\учеба\тимп\2\2lab_oop\2lab_new_class_1\2lab_new_class\debug\2lab_new_class.obj
d:\учеба\тимп\2\2lab_oop\2lab_new_class_1\2lab_new_class\debug\beast_in_data.obj
d:\учеба\тимп\2\2lab_oop\2lab_new_class_1\2lab_new_class\debug\beast_out_data.obj
d:\учеба\тимп\2\2lab_oop\2lab_new_class_1\2lab_new_class\debug\bird_in_data.obj
d:\учеба\тимп\2\2lab_oop\2lab_new_class_1\2lab_new_class\debug\bird_out_data.obj
d:\учеба\тимп\2\2lab_oop\2lab_new_class_1\2lab_new_class\debug\clear_container.obj
d:\учеба\тимп\2\2lab_oop\2lab_new_class_1\2lab_new_class\debug\fish_in_data.obj
d:\учеба\тимп\2\2lab_oop\2lab_new_class_1\2lab_new_class\debug\fish_out_data.obj
d:\учеба\тимп\2\2lab_oop\2lab_new_class_1\2lab_new_class\debug\init_container.obj
d:\учеба\тимп\2\2lab_oop\2lab_new_class_1\2lab_new_class\debug\in_animal.obj
d:\учеба\тимп\2\2lab_oop\2lab_new_class_1\2lab_new_class\debug\in_container.obj
d:\учеба\тимп\2\2lab_oop\2lab_new_class_1\2lab_new_class\debug\out_container.obj
d:\учеба\тимп\2\2lab_oop\2lab_new_class_1\2lab_new_class\debug\vc142.idb
d:\учеба\тимп\2\2lab_oop\2lab_new_class_1\2lab_new_class\debug\vc142.pdb
d:\учеба\тимп\2\2lab_oop\2lab_new_class_1\debug\2lab_new_class.pdb
d:\учеба\тимп\2\2lab_oop\2lab_new_class_1\debug\2lab_new_class.exe
d:\учеба\тимп\2\2lab_oop\2lab_new_class_1\debug\2lab_new_class.ilk
d:\учеба\тимп\2\2lab_oop\2lab_new_class_1\2lab_new_class\debug\2lab_new_class.tlog\cl.command.1.tlog
d:\учеба\тимп\2\2lab_oop\2lab_new_class_1\2lab_new_class\debug\2lab_new_class.tlog\cl.read.1.tlog
d:\учеба\тимп\2\2lab_oop\2lab_new_class_1\2lab_new_class\debug\2lab_new_class.tlog\cl.write.1.tlog
d:\учеба\тимп\2\2lab_oop\2lab_new_class_1\2lab_new_class\debug\2lab_new_class.tlog\link.command.1.tlog
d:\учеба\тимп\2\2lab_oop\2lab_new_class_1\2lab_new_class\debug\2lab_new_class.tlog\link.read.1.tlog
d:\учеба\тимп\2\2lab_oop\2lab_new_class_1\2lab_new_class\debug\2lab_new_class.tlog\link.write.1.tlog
