c:\users\of913\source\repos\10_3_3_2\oop\2lab_filter_out\2lab_filter_out\debug\vc142.pdb
c:\users\of913\source\repos\10_3_3_2\oop\2lab_filter_out\2lab_filter_out\debug\vc142.idb
c:\users\of913\source\repos\10_3_3_2\oop\2lab_filter_out\2lab_filter_out\debug\out_only_fish_container.obj
c:\users\of913\source\repos\10_3_3_2\oop\2lab_filter_out\2lab_filter_out\debug\out_only_fish_animal.obj
c:\users\of913\source\repos\10_3_3_2\oop\2lab_filter_out\2lab_filter_out\debug\out_only_fish.obj
c:\users\of913\source\repos\10_3_3_2\oop\2lab_filter_out\2lab_filter_out\debug\out_container.obj
c:\users\of913\source\repos\10_3_3_2\oop\2lab_filter_out\2lab_filter_out\debug\in_container.obj
c:\users\of913\source\repos\10_3_3_2\oop\2lab_filter_out\2lab_filter_out\debug\in_animal.obj
c:\users\of913\source\repos\10_3_3_2\oop\2lab_filter_out\2lab_filter_out\debug\init_container.obj
c:\users\of913\source\repos\10_3_3_2\oop\2lab_filter_out\2lab_filter_out\debug\fish_out_data.obj
c:\users\of913\source\repos\10_3_3_2\oop\2lab_filter_out\2lab_filter_out\debug\fish_in_data.obj
c:\users\of913\source\repos\10_3_3_2\oop\2lab_filter_out\2lab_filter_out\debug\clear_container.obj
c:\users\of913\source\repos\10_3_3_2\oop\2lab_filter_out\2lab_filter_out\debug\bird_out_data.obj
c:\users\of913\source\repos\10_3_3_2\oop\2lab_filter_out\2lab_filter_out\debug\bird_in_data.obj
c:\users\of913\source\repos\10_3_3_2\oop\2lab_filter_out\2lab_filter_out\debug\2lab_filter_out.obj
c:\users\of913\source\repos\10_3_3_2\oop\2lab_filter_out\debug\2lab_filter_out.ilk
c:\users\of913\source\repos\10_3_3_2\oop\2lab_filter_out\debug\2lab_filter_out.exe
c:\users\of913\source\repos\10_3_3_2\oop\2lab_filter_out\debug\2lab_filter_out.pdb
d:\учеба\тимп\2\2lab_oop\2lab_filter_out_5\2lab_filter_out\debug\2lab_filter_out.obj
d:\учеба\тимп\2\2lab_oop\2lab_filter_out_5\2lab_filter_out\debug\bird_in_data.obj
d:\учеба\тимп\2\2lab_oop\2lab_filter_out_5\2lab_filter_out\debug\bird_out_data.obj
d:\учеба\тимп\2\2lab_oop\2lab_filter_out_5\2lab_filter_out\debug\clear_container.obj
d:\учеба\тимп\2\2lab_oop\2lab_filter_out_5\2lab_filter_out\debug\fish_in_data.obj
d:\учеба\тимп\2\2lab_oop\2lab_filter_out_5\2lab_filter_out\debug\fish_out_data.obj
d:\учеба\тимп\2\2lab_oop\2lab_filter_out_5\2lab_filter_out\debug\init_container.obj
d:\учеба\тимп\2\2lab_oop\2lab_filter_out_5\2lab_filter_out\debug\in_animal.obj
d:\учеба\тимп\2\2lab_oop\2lab_filter_out_5\2lab_filter_out\debug\in_container.obj
d:\учеба\тимп\2\2lab_oop\2lab_filter_out_5\2lab_filter_out\debug\out_container.obj
d:\учеба\тимп\2\2lab_oop\2lab_filter_out_5\2lab_filter_out\debug\out_only_fish.obj
d:\учеба\тимп\2\2lab_oop\2lab_filter_out_5\2lab_filter_out\debug\out_only_fish_animal.obj
d:\учеба\тимп\2\2lab_oop\2lab_filter_out_5\2lab_filter_out\debug\out_only_fish_container.obj
d:\учеба\тимп\2\2lab_oop\2lab_filter_out_5\2lab_filter_out\debug\vc142.idb
d:\учеба\тимп\2\2lab_oop\2lab_filter_out_5\2lab_filter_out\debug\vc142.pdb
d:\учеба\тимп\2\2lab_oop\2lab_filter_out_5\debug\2lab_filter_out.pdb
d:\учеба\тимп\2\2lab_oop\2lab_filter_out_5\debug\2lab_filter_out.exe
d:\учеба\тимп\2\2lab_oop\2lab_filter_out_5\debug\2lab_filter_out.ilk
d:\учеба\тимп\2\2lab_oop\2lab_filter_out_5\2lab_filter_out\debug\2lab_filter_out.tlog\cl.command.1.tlog
d:\учеба\тимп\2\2lab_oop\2lab_filter_out_5\2lab_filter_out\debug\2lab_filter_out.tlog\cl.read.1.tlog
d:\учеба\тимп\2\2lab_oop\2lab_filter_out_5\2lab_filter_out\debug\2lab_filter_out.tlog\cl.write.1.tlog
d:\учеба\тимп\2\2lab_oop\2lab_filter_out_5\2lab_filter_out\debug\2lab_filter_out.tlog\link.command.1.tlog
d:\учеба\тимп\2\2lab_oop\2lab_filter_out_5\2lab_filter_out\debug\2lab_filter_out.tlog\link.read.1.tlog
d:\учеба\тимп\2\2lab_oop\2lab_filter_out_5\2lab_filter_out\debug\2lab_filter_out.tlog\link.write.1.tlog
