c:\users\of913\source\repos\10_3_3_2\oop\2lab_new_field\2lab_new_field\debug\vc142.pdb
c:\users\of913\source\repos\10_3_3_2\oop\2lab_new_field\2lab_new_field\debug\vc142.idb
c:\users\of913\source\repos\10_3_3_2\oop\2lab_new_field\2lab_new_field\debug\out_container.obj
c:\users\of913\source\repos\10_3_3_2\oop\2lab_new_field\2lab_new_field\debug\in_container.obj
c:\users\of913\source\repos\10_3_3_2\oop\2lab_new_field\2lab_new_field\debug\in_animal.obj
c:\users\of913\source\repos\10_3_3_2\oop\2lab_new_field\2lab_new_field\debug\init_container.obj
c:\users\of913\source\repos\10_3_3_2\oop\2lab_new_field\2lab_new_field\debug\fish_out_data.obj
c:\users\of913\source\repos\10_3_3_2\oop\2lab_new_field\2lab_new_field\debug\fish_in_data.obj
c:\users\of913\source\repos\10_3_3_2\oop\2lab_new_field\2lab_new_field\debug\clear_container.obj
c:\users\of913\source\repos\10_3_3_2\oop\2lab_new_field\2lab_new_field\debug\bird_out_data.obj
c:\users\of913\source\repos\10_3_3_2\oop\2lab_new_field\2lab_new_field\debug\bird_in_data.obj
c:\users\of913\source\repos\10_3_3_2\oop\2lab_new_field\2lab_new_field\debug\2lab_new_field.obj
c:\users\of913\source\repos\10_3_3_2\oop\2lab_new_field\debug\2lab_new_field.ilk
c:\users\of913\source\repos\10_3_3_2\oop\2lab_new_field\debug\2lab_new_field.exe
c:\users\of913\source\repos\10_3_3_2\oop\2lab_new_field\debug\2lab_new_field.pdb
d:\учеба\тимп\2\2lab_oop\2lab_new_field_3\2lab_new_field\debug\2lab_new_field.obj
d:\учеба\тимп\2\2lab_oop\2lab_new_field_3\2lab_new_field\debug\bird_in_data.obj
d:\учеба\тимп\2\2lab_oop\2lab_new_field_3\2lab_new_field\debug\bird_out_data.obj
d:\учеба\тимп\2\2lab_oop\2lab_new_field_3\2lab_new_field\debug\clear_container.obj
d:\учеба\тимп\2\2lab_oop\2lab_new_field_3\2lab_new_field\debug\fish_in_data.obj
d:\учеба\тимп\2\2lab_oop\2lab_new_field_3\2lab_new_field\debug\fish_out_data.obj
d:\учеба\тимп\2\2lab_oop\2lab_new_field_3\2lab_new_field\debug\init_container.obj
d:\учеба\тимп\2\2lab_oop\2lab_new_field_3\2lab_new_field\debug\in_animal.obj
d:\учеба\тимп\2\2lab_oop\2lab_new_field_3\2lab_new_field\debug\in_container.obj
d:\учеба\тимп\2\2lab_oop\2lab_new_field_3\2lab_new_field\debug\out_container.obj
d:\учеба\тимп\2\2lab_oop\2lab_new_field_3\2lab_new_field\debug\vc142.idb
d:\учеба\тимп\2\2lab_oop\2lab_new_field_3\2lab_new_field\debug\vc142.pdb
d:\учеба\тимп\2\2lab_oop\2lab_new_field_3\debug\2lab_new_field.pdb
d:\учеба\тимп\2\2lab_oop\2lab_new_field_3\debug\2lab_new_field.exe
d:\учеба\тимп\2\2lab_oop\2lab_new_field_3\debug\2lab_new_field.ilk
d:\учеба\тимп\2\2lab_oop\2lab_new_field_3\2lab_new_field\debug\2lab_new_field.tlog\cl.command.1.tlog
d:\учеба\тимп\2\2lab_oop\2lab_new_field_3\2lab_new_field\debug\2lab_new_field.tlog\cl.read.1.tlog
d:\учеба\тимп\2\2lab_oop\2lab_new_field_3\2lab_new_field\debug\2lab_new_field.tlog\cl.write.1.tlog
d:\учеба\тимп\2\2lab_oop\2lab_new_field_3\2lab_new_field\debug\2lab_new_field.tlog\link.command.1.tlog
d:\учеба\тимп\2\2lab_oop\2lab_new_field_3\2lab_new_field\debug\2lab_new_field.tlog\link.read.1.tlog
d:\учеба\тимп\2\2lab_oop\2lab_new_field_3\2lab_new_field\debug\2lab_new_field.tlog\link.write.1.tlog
