c:\users\of913\source\repos\10_3_3_2\oop\2lab_new_func\2lab_new_func\debug\vc142.pdb
c:\users\of913\source\repos\10_3_3_2\oop\2lab_new_func\2lab_new_func\debug\vc142.idb
c:\users\of913\source\repos\10_3_3_2\oop\2lab_new_func\2lab_new_func\debug\out_container.obj
c:\users\of913\source\repos\10_3_3_2\oop\2lab_new_func\2lab_new_func\debug\in_container.obj
c:\users\of913\source\repos\10_3_3_2\oop\2lab_new_func\2lab_new_func\debug\in_animal.obj
c:\users\of913\source\repos\10_3_3_2\oop\2lab_new_func\2lab_new_func\debug\init_container.obj
c:\users\of913\source\repos\10_3_3_2\oop\2lab_new_func\2lab_new_func\debug\fish_out_data.obj
c:\users\of913\source\repos\10_3_3_2\oop\2lab_new_func\2lab_new_func\debug\fish_in_data.obj
c:\users\of913\source\repos\10_3_3_2\oop\2lab_new_func\2lab_new_func\debug\clear_container.obj
c:\users\of913\source\repos\10_3_3_2\oop\2lab_new_func\2lab_new_func\debug\bird_out_data.obj
c:\users\of913\source\repos\10_3_3_2\oop\2lab_new_func\2lab_new_func\debug\bird_in_data.obj
c:\users\of913\source\repos\10_3_3_2\oop\2lab_new_func\2lab_new_func\debug\amount_fish.obj
c:\users\of913\source\repos\10_3_3_2\oop\2lab_new_func\2lab_new_func\debug\amount_bird.obj
c:\users\of913\source\repos\10_3_3_2\oop\2lab_new_func\2lab_new_func\debug\2lab_new_func.obj
c:\users\of913\source\repos\10_3_3_2\oop\2lab_new_func\debug\2lab_new_func.ilk
c:\users\of913\source\repos\10_3_3_2\oop\2lab_new_func\debug\2lab_new_func.exe
c:\users\of913\source\repos\10_3_3_2\oop\2lab_new_func\debug\2lab_new_func.pdb
d:\учеба\тимп\2\2lab_oop\2lab_new_fun_2\2lab_new_func\debug\2lab_new_func.obj
d:\учеба\тимп\2\2lab_oop\2lab_new_fun_2\2lab_new_func\debug\amount_bird.obj
d:\учеба\тимп\2\2lab_oop\2lab_new_fun_2\2lab_new_func\debug\amount_fish.obj
d:\учеба\тимп\2\2lab_oop\2lab_new_fun_2\2lab_new_func\debug\bird_in_data.obj
d:\учеба\тимп\2\2lab_oop\2lab_new_fun_2\2lab_new_func\debug\bird_out_data.obj
d:\учеба\тимп\2\2lab_oop\2lab_new_fun_2\2lab_new_func\debug\clear_container.obj
d:\учеба\тимп\2\2lab_oop\2lab_new_fun_2\2lab_new_func\debug\fish_in_data.obj
d:\учеба\тимп\2\2lab_oop\2lab_new_fun_2\2lab_new_func\debug\fish_out_data.obj
d:\учеба\тимп\2\2lab_oop\2lab_new_fun_2\2lab_new_func\debug\init_container.obj
d:\учеба\тимп\2\2lab_oop\2lab_new_fun_2\2lab_new_func\debug\in_animal.obj
d:\учеба\тимп\2\2lab_oop\2lab_new_fun_2\2lab_new_func\debug\in_container.obj
d:\учеба\тимп\2\2lab_oop\2lab_new_fun_2\2lab_new_func\debug\out_container.obj
d:\учеба\тимп\2\2lab_oop\2lab_new_fun_2\2lab_new_func\debug\vc142.idb
d:\учеба\тимп\2\2lab_oop\2lab_new_fun_2\2lab_new_func\debug\vc142.pdb
d:\учеба\тимп\2\2lab_oop\2lab_new_fun_2\debug\2lab_new_func.pdb
d:\учеба\тимп\2\2lab_oop\2lab_new_fun_2\debug\2lab_new_func.exe
d:\учеба\тимп\2\2lab_oop\2lab_new_fun_2\debug\2lab_new_func.ilk
d:\учеба\тимп\2\2lab_oop\2lab_new_fun_2\2lab_new_func\debug\2lab_new_func.tlog\cl.command.1.tlog
d:\учеба\тимп\2\2lab_oop\2lab_new_fun_2\2lab_new_func\debug\2lab_new_func.tlog\cl.read.1.tlog
d:\учеба\тимп\2\2lab_oop\2lab_new_fun_2\2lab_new_func\debug\2lab_new_func.tlog\cl.write.1.tlog
d:\учеба\тимп\2\2lab_oop\2lab_new_fun_2\2lab_new_func\debug\2lab_new_func.tlog\link.command.1.tlog
d:\учеба\тимп\2\2lab_oop\2lab_new_fun_2\2lab_new_func\debug\2lab_new_func.tlog\link.read.1.tlog
d:\учеба\тимп\2\2lab_oop\2lab_new_fun_2\2lab_new_func\debug\2lab_new_func.tlog\link.write.1.tlog
